<?xml version="1.0" encoding="UTF-8"?>
<testng-results skipped="0" failed="0" ignored="0" total="1" passed="1">
  <reporter-output>
  </reporter-output>
  <suite name="Default suite" duration-ms="47686" started-at="2020-06-23T18:13:28Z" finished-at="2020-06-23T18:14:16Z">
    <groups>
    </groups>
    <test name="Default test" duration-ms="47686" started-at="2020-06-23T18:13:28Z" finished-at="2020-06-23T18:14:16Z">
      <class name="P1.Login">
        <test-method status="PASS" signature="f()[pri:0, instance:P1.Login@7f77e91b]" name="f" duration-ms="47455" started-at="2020-06-23T18:13:28Z" finished-at="2020-06-23T18:14:16Z">
          <reporter-output>
          </reporter-output>
        </test-method> <!-- f -->
      </class> <!-- P1.Login -->
    </test> <!-- Default test -->
  </suite> <!-- Default suite -->
</testng-results>
